<?xml version="1.0" encoding="UTF-8"?>
<!-- Generated by org.testng.reporters.JUnitXMLReporter -->
<testsuite ignored="0" hostname="THSLT10133" failures="0" tests="11" name="Regtest" time="0.234" errors="0" timestamp="2020-06-15T16:44:42 IST">
  <testcase classname="FstTest.Test2" name="demo1" time="0.014"/>
  <testcase classname="FstTest.Test2" name="test02" time="0.007"/>
  <testcase classname="FstTest.Test1" name="demo" time="0.006"/>
  <testcase classname="FstTest.Test1" name="test01" time="0.003"/>
  <testcase classname="FstTest.Test1" name="test02" time="0.008"/>
  <testcase classname="FstTest.Test4" name="LoginAPIHomelone" time="0.013"/>
  <testcase classname="FstTest.Test4" name="MobileloginHomelone" time="0.008"/>
  <testcase classname="FstTest.Test4" name="WebloginHomelone" time="0.003"/>
  <testcase classname="FstTest.Test3" name="LoginAPICarlone" time="0.002"/>
  <testcase classname="FstTest.Test3" name="MobileLoginCarlone" time="0.002"/>
  <testcase classname="FstTest.Test3" name="WebloginCarlone" time="0.003"/>
</testsuite> <!-- Regtest -->
