<?xml version="1.0" encoding="UTF-8"?>
<!-- Generated by org.testng.reporters.JUnitXMLReporter -->
<testsuite ignored="0" hostname="THSLT10133" failures="0" tests="5" name="Test" time="0.128" errors="0" timestamp="2020-06-15T11:31:01 IST">
  <testcase classname="FstTest.Test1" name="demo" time="0.015"/>
  <testcase classname="FstTest.Test1" name="test01" time="0.002"/>
  <testcase classname="FstTest.Test1" name="test02" time="0.008"/>
  <testcase classname="FstTest.Test2" name="demo1" time="0.001"/>
  <testcase classname="FstTest.Test2" name="test02" time="0.009"/>
</testsuite> <!-- Test -->
