<?xml version="1.0" encoding="UTF-8"?>
<!-- Generated by org.testng.reporters.JUnitXMLReporter -->
<testsuite ignored="0" hostname="THSLT10133" failures="0" tests="6" name="CarLoan" time="0.066" errors="0" timestamp="2020-06-16T13:54:46 IST">
  <testcase classname="FstTest.Test3" name="LoginAPICarlone" time="0.001"/>
  <testcase classname="FstTest.Test3" name="MobileLoginCarlone" time="0.005"/>
  <testcase classname="FstTest.Test3" name="WebloginCarlone" time="0.002"/>
  <testcase classname="FstTest.Test4" name="LoginAPIHomelone" time="0.001"/>
  <testcase classname="FstTest.Test4" name="MobileloginHomelone" time="0.003"/>
  <testcase classname="FstTest.Test4" name="WebloginHomelone" time="0.002"/>
</testsuite> <!-- CarLoan -->
