<?xml version="1.0" encoding="UTF-8"?>
<!-- Generated by org.testng.reporters.JUnitXMLReporter -->
<testsuite ignored="0" hostname="THSLT10133" failures="0" tests="8" name="TestPersonalLoan" time="0.14" errors="0" timestamp="2020-06-16T13:54:46 IST">
  <testcase classname="FstTest.Test1" name="demo" time="0.009"/>
  <testcase classname="FstTest.Test1" name="test01" time="0.009"/>
  <testcase classname="FstTest.Test1" name="test02" time="0.005"/>
  <testcase classname="FstTest.Test2" name="MobileLoginCarlone" time="0.004"/>
  <testcase classname="FstTest.Test2" name="MobileLoginCarlone" time="0.011"/>
  <testcase classname="FstTest.Test2" name="MobileLoginCarlone" time="0.006"/>
  <testcase classname="FstTest.Test2" name="demo1" time="0.006"/>
  <testcase classname="FstTest.Test2" name="test02" time="0.007"/>
</testsuite> <!-- TestPersonalLoan -->
